# Logfile created on Fri Mar 18 10:56:29 -0700 2011** has_many_polymorphs: rails environment detected
** has_many_polymorphs: loaded ok
** has_many_polymorphs: autoload hook invoked
** has_many_polymorphs: preloading parent model Tag
** has_many_polymorphs: associating Tag.taggables
  [4;36;1mSQL (0.1ms)[0m   [0;1mSET client_min_messages TO 'panic'[0m
  [4;35;1mSQL (0.1ms)[0m   [0mSET client_min_messages TO 'notice'[0m
** has_many_polymorphs: preloading parent model Tagging
** has_many_polymorphs: autoload hook invoked
** has_many_polymorphs: preloading parent model Tag
** has_many_polymorphs: preloading parent model Tagging
** has_many_polymorphs: autoload hook invoked
** has_many_polymorphs: preloading parent model Tag
** has_many_polymorphs: preloading parent model Tagging


Processing AssetsController#index (for 127.0.0.1 at 2011-03-18 10:56:33) [GET]
  Session ID: a2346c79566fa862cdf10b155acc1c55
  Parameters: {"action"=>"index", "controller"=>"assets"}
  [4;36;1mUser Load (0.7ms)[0m   [0;1mSELECT * FROM "users" WHERE ("users"."id" = E'2100762300') LIMIT 1[0m
  [4;35;1mSQL (0.2ms)[0m   [0mBEGIN[0m
  [4;36;1mUser Update (0.4ms)[0m   [0;1mUPDATE "users" SET "updated_at" = '2011-03-18 17:56:33.169933', "last_request_at" = '2011-03-18 17:56:33.169128' WHERE "id" = 2100762300[0m
  [4;35;1mSQL (0.4ms)[0m   [0mCOMMIT[0m
  [4;36;1mSQL (0.3ms)[0m   [0;1mSELECT count(*) AS count_all FROM "users" [0m
  [4;35;1mSQL (0.3ms)[0m   [0mSELECT count(*) AS count_all FROM "manufacturers" [0m
  [4;36;1mSQL (0.3ms)[0m   [0;1mSELECT count(*) AS count_all FROM "models" [0m
  [4;35;1mSQL (0.3ms)[0m   [0mSELECT count(*) AS count_all FROM "locations" [0m
  [4;36;1mSQL (0.4ms)[0m   [0;1mSELECT count(*) AS count_all FROM "kinds" [0m
  [4;35;1mAsset Load (1.4ms)[0m   [0mSELECT * FROM "assets" [0m
  [4;36;1mMachine Load (2.2ms)[0m   [0;1mSELECT * FROM "machines" WHERE ("machines"."id" IN (222,115,141,116,142,223,224,20,117,143,225,21,118,144,170,226,119,145,171,227,22,146,172,228,23,50,147,173,229,24,51,148,174,52,149,175,25,53,176,26,80,177,27,54,81,178,28,179,29,55,82,56,83,57,84,58,85,100,59,86,101,87,102,103,210,88,104,130,211,89,105,131,212,106,132,213,240,107,133,214,10,108,134,160,215,109,135,161,216,11,243,136,217,12,244,137,163,218,13,40,245,138,164,190,219,14,41,246,139,165,191,15,42,247,166,192,16,43,248,167,193,17,70,194,18,44,71,168,195,19,45,72,169,46,73,196,47,74,197,48,75,198,49,76,199,77,78,200,79,120,201,121,202,122,203,230,123,204,231,124,150,205,232,125,151,206,233,126,152,207,234,127,153,208,30,235,128,154,180,209,31,236,129,155,181,1,32,237,156,182,2,238,157,183,3,33,60,239,158,184,4,34,61,159,185,5,35,62,186,6,36,63,187,7,37,64,90,188,8,38,65,91,189,9,39,92,66,93,67,94,68,95,69,96,110,97,111,98,112,220,113,221,99,114,140)) [0m
  [4;35;1mAsset Load (1.9ms)[0m   [0mSELECT "assets".* FROM "assets" WHERE ("assets"."inventoriable_id" IN (1,2,3,4,5,6,7,8,9,10,11,12,13,14,15,16,17,18,19,20,21,22,23,24,25,26,27,28,29,30,31,32,33,34,35,36,37,38,39,40,41,42,43,44,45,46,47,48,49,50,51,52,53,54,55,56,57,58,59,60,61,62,63,64,65,66,67,68,69,70,71,72,73,74,75,76,77,78,79,80,81,82,83,84,85,86,87,88,89,90,91,92,93,94,95,96,97,98,99,100,101,102,103,104,105,106,107,108,109,110,111,112,113,114,115,116,117,118,119,120,121,122,123,124,125,126,127,128,129,130,131,132,133,134,137,138,140,142,144,163,164,165,166,167,168,169,170,171,172,173,174,175,176,135,136,139,141,143,145,147,148,149,150,151,152,153,154,155,156,157,158,159,160,161,179,180,181,177,178,182,183,184,185,186,187,188,189,190,191,192,193,194,195,196,197,198,199,200,201,202,203,204,205,206,207,208,209,210,211,212,213,214,215,216,217,218,146,219,220,221,222,223,224,225,226,227,228,229,230,231,232,233,234,235,236,237,238,243,244,245,246,247,248,239,240) and "assets"."inventoriable_type" = 'Machine') [0m
  [4;36;1mUser Load (0.5ms)[0m   [0;1mSELECT * FROM "users" WHERE ("users"."id" IN (2100762301,2100762302,2100762303,2100762304,2100762299,2100762300)) [0m
  [4;35;1mLocation Load (0.5ms)[0m   [0mSELECT * FROM "locations" WHERE ("locations"."id" IN (1711339714,1711339716,1711339717,1711339718,1711339719,1711339720,1711339721)) [0m
  [4;36;1mModel Load (0.6ms)[0m   [0;1mSELECT * FROM "models" WHERE ("models"."id" IN (515471379,515471380,515471368,515471381,515471370,515471369,515471382,515471371,515471383,515471372,515471384,515471373,515471363,515471374,515471364,515471375,515471376)) [0m
  [4;35;1mManufacturer Load (0.5ms)[0m   [0mSELECT * FROM "manufacturers" WHERE ("manufacturers"."id" IN (1640518054,1640518055,1640518056,1640518045,1640518057,1640518047,1640518049,1640518050,1640518051,1640518052,1640518053)) [0m
  [4;36;1mKind Load (0.4ms)[0m   [0;1mSELECT * FROM "kinds" WHERE ("kinds"."id" IN (1810332552,1302318729)) [0m
Rendering template within layouts/default
Rendering assets/index
Rendered common/_button_function (0.9ms)
Rendered common/_button_function (0.7ms)
  [4;35;1mUser Load (0.5ms)[0m   [0mSELECT * FROM "users" [0m
  [4;36;1mModel Load (0.3ms)[0m   [0;1mSELECT * FROM "models" [0m
  [4;35;1mManufacturer Load (0.4ms)[0m   [0mSELECT * FROM "manufacturers" WHERE ("manufacturers"."id" IN (1640518054,1640518055,1640518056,1640518045,1640518057,1640518046,1640518047,1640518048,1640518049,1368860684,1640518050,1640518051,1640518052,1640518053)) [0m
  [4;36;1mLocation Load (0.3ms)[0m   [0;1mSELECT * FROM "locations" [0m
Rendered assets/_fields (14.6ms)
Rendered machines/_common_fields (0.7ms)
  [4;35;1mMachine Load (0.7ms)[0m   [0mSELECT * FROM "machines" WHERE ("machines"."isdom0" = 't') [0m
  [4;36;1mAsset Load (1.0ms)[0m   [0;1mSELECT "assets".* FROM "assets" WHERE ("assets"."inventoriable_id" IN (9,10,11,12,13,14,15,16,17,18,19,20,21,22,23,24,25,26,27,28,29,30,31,32,33,34,35,36,37,38,39,40,41,42,43,44,45,46,134,137,138,140,142,144,163,164,165,166,167,168,169,170,171,172,173,174,175,176,209,210,219,220,221,222,223,224,225,226,227,228,229,230,231,232,233,234,235,236,237,238,239,240,243,244,245,246,247,248) and "assets"."inventoriable_type" = 'Machine') [0m
Rendered virtual_machines/_virtual_machine (37.4ms)
  [4;35;1mRole Load (19.9ms)[0m   [0mSELECT * FROM "roles" [0m
  [4;36;1mRole Load (0.6ms)[0m   [0;1mSELECT "roles".id FROM "roles" INNER JOIN "machines_roles" ON "roles".id = "machines_roles".role_id WHERE ("machines_roles".machine_id = NULL ) [0m
Rendered machines/_role_selection (32.0ms)
Rendered machines/_fields (90.0ms)
Rendered common/_button_submit (0.6ms)
  [4;35;1mCACHE (0.0ms)[0m   [0mSELECT * FROM "users" [0m
  [4;36;1mCACHE (0.0ms)[0m   [0;1mSELECT * FROM "models" [0m
  [4;35;1mCACHE (0.0ms)[0m   [0mSELECT * FROM "manufacturers" WHERE ("manufacturers"."id" IN (1640518054,1640518055,1640518056,1640518045,1640518057,1640518046,1640518047,1640518048,1640518049,1368860684,1640518050,1640518051,1640518052,1640518053)) [0m
  [4;36;1mCACHE (0.0ms)[0m   [0;1mSELECT * FROM "locations" [0m
Rendered assets/_fields (7.5ms)
Rendered machines/_common_fields (0.6ms)
Rendered physical_machines/_physical_machine (0.8ms)
  [4;35;1mCACHE (0.0ms)[0m   [0mSELECT * FROM "roles" [0m
  [4;36;1mCACHE (0.0ms)[0m   [0;1mSELECT "roles".id FROM "roles" INNER JOIN "machines_roles" ON "roles".id = "machines_roles".role_id WHERE ("machines_roles".machine_id = NULL ) [0m
Rendered machines/_role_selection (2.1ms)
Rendered machines/_fields (13.0ms)
Rendered common/_button_submit (0.3ms)
Rendered assets/_table_header (0.1ms)
Rendered assets/_asset (4.7ms)
Rendered assets/_asset (2.9ms)
Rendered assets/_asset (90.4ms)
Rendered assets/_asset (3.8ms)
Rendered assets/_asset (3.1ms)
Rendered assets/_asset (3.5ms)
Rendered assets/_asset (3.3ms)
Rendered assets/_asset (3.1ms)
Rendered assets/_asset (3.4ms)
Rendered assets/_asset (3.1ms)
Rendered assets/_asset (3.2ms)
Rendered assets/_asset (3.7ms)
Rendered assets/_asset (3.3ms)
Rendered assets/_asset (3.2ms)
Rendered assets/_asset (3.0ms)
Rendered assets/_asset (3.3ms)
Rendered assets/_asset (3.1ms)
Rendered assets/_asset (3.3ms)
Rendered assets/_asset (3.6ms)
Rendered assets/_asset (3.5ms)
Rendered assets/_asset (3.5ms)
Rendered assets/_asset (3.5ms)
Rendered assets/_asset (3.3ms)
Rendered assets/_asset (2.9ms)
Rendered assets/_asset (3.1ms)
Rendered assets/_asset (3.0ms)
Rendered assets/_asset (3.3ms)
Rendered assets/_asset (3.1ms)
Rendered assets/_asset (3.0ms)
Rendered assets/_asset (3.1ms)
Rendered assets/_asset (3.0ms)
Rendered assets/_asset (3.1ms)
Rendered assets/_asset (3.0ms)
Rendered assets/_asset (2.7ms)
Rendered assets/_asset (3.1ms)
Rendered assets/_asset (2.9ms)
Rendered assets/_asset (2.8ms)
Rendered assets/_asset (3.4ms)
Rendered assets/_asset (2.9ms)
Rendered assets/_asset (3.0ms)
Rendered assets/_asset (2.8ms)
Rendered assets/_asset (2.7ms)
Rendered assets/_asset (3.0ms)
Rendered assets/_asset (3.1ms)
Rendered assets/_asset (3.1ms)
Rendered assets/_asset (2.9ms)
Rendered assets/_asset (2.7ms)
Rendered assets/_asset (3.0ms)
Rendered assets/_asset (3.1ms)
Rendered assets/_asset (3.0ms)
Rendered assets/_asset (3.0ms)
Rendered assets/_asset (2.8ms)
Rendered assets/_asset (3.0ms)
Rendered assets/_asset (2.8ms)
Rendered assets/_asset (2.7ms)
Rendered assets/_asset (3.1ms)
Rendered assets/_asset (2.8ms)
Rendered assets/_asset (3.1ms)
Rendered assets/_asset (2.9ms)
Rendered assets/_asset (2.9ms)
Rendered assets/_asset (3.2ms)
Rendered assets/_asset (2.8ms)
Rendered assets/_asset (2.7ms)
Rendered assets/_asset (3.0ms)
Rendered assets/_asset (3.0ms)
Rendered assets/_asset (2.7ms)
Rendered assets/_asset (3.3ms)
Rendered assets/_asset (3.0ms)
Rendered assets/_asset (3.0ms)
Rendered assets/_asset (3.2ms)
Rendered assets/_asset (3.4ms)
Rendered assets/_asset (3.0ms)
Rendered assets/_asset (2.7ms)
Rendered assets/_asset (2.9ms)
Rendered assets/_asset (2.8ms)
Rendered assets/_asset (2.7ms)
Rendered assets/_asset (3.0ms)
Rendered assets/_asset (2.8ms)
Rendered assets/_asset (2.7ms)
Rendered assets/_asset (3.0ms)
Rendered assets/_asset (2.8ms)
Rendered assets/_asset (3.0ms)
Rendered assets/_asset (3.2ms)
Rendered assets/_asset (2.9ms)
Rendered assets/_asset (3.0ms)
Rendered assets/_asset (3.0ms)
Rendered assets/_asset (3.5ms)
Rendered assets/_asset (3.1ms)
Rendered assets/_asset (3.0ms)
Rendered assets/_asset (3.3ms)
Rendered assets/_asset (2.9ms)
Rendered assets/_asset (3.2ms)
Rendered assets/_asset (3.2ms)
Rendered assets/_asset (3.1ms)
Rendered assets/_asset (3.4ms)
Rendered assets/_asset (2.9ms)
Rendered assets/_asset (3.1ms)
Rendered assets/_asset (2.9ms)
Rendered assets/_asset (2.9ms)
Rendered assets/_asset (3.1ms)
Rendered assets/_asset (2.9ms)
Rendered assets/_asset (3.2ms)
Rendered assets/_asset (3.1ms)
Rendered assets/_asset (3.1ms)
Rendered assets/_asset (3.2ms)
Rendered assets/_asset (2.9ms)
Rendered assets/_asset (3.0ms)
Rendered assets/_asset (2.9ms)
Rendered assets/_asset (3.0ms)
Rendered assets/_asset (3.1ms)
Rendered assets/_asset (2.8ms)
Rendered assets/_asset (3.3ms)
Rendered assets/_asset (2.9ms)
Rendered assets/_asset (2.9ms)
Rendered assets/_asset (3.5ms)
Rendered assets/_asset (3.0ms)
Rendered assets/_asset (105.5ms)
Rendered assets/_asset (3.4ms)
Rendered assets/_asset (3.1ms)
Rendered assets/_asset (3.3ms)
Rendered assets/_asset (3.2ms)
Rendered assets/_asset (3.0ms)
Rendered assets/_asset (3.3ms)
Rendered assets/_asset (3.1ms)
Rendered assets/_asset (3.2ms)
Rendered assets/_asset (3.5ms)
Rendered assets/_asset (3.3ms)
Rendered assets/_asset (3.2ms)
Rendered assets/_asset (3.0ms)
Rendered assets/_asset (3.2ms)
Rendered assets/_asset (2.9ms)
Rendered assets/_asset (3.1ms)
Rendered assets/_asset (3.1ms)
Rendered assets/_asset (2.9ms)
Rendered assets/_asset (3.2ms)
Rendered assets/_asset (3.2ms)
Rendered assets/_asset (3.3ms)
Rendered assets/_asset (3.1ms)
Rendered assets/_asset (2.9ms)
Rendered assets/_asset (3.5ms)
Rendered assets/_asset (2.9ms)
Rendered assets/_asset (3.1ms)
Rendered assets/_asset (2.9ms)
Rendered assets/_asset (2.9ms)
Rendered assets/_asset (3.3ms)
Rendered assets/_asset (2.9ms)
Rendered assets/_asset (3.1ms)
Rendered assets/_asset (3.1ms)
Rendered assets/_asset (2.9ms)
Rendered assets/_asset (3.2ms)
Rendered assets/_asset (2.9ms)
Rendered assets/_asset (3.0ms)
Rendered assets/_asset (2.8ms)
Rendered assets/_asset (2.8ms)
Rendered assets/_asset (3.2ms)
Rendered assets/_asset (2.8ms)
Rendered assets/_asset (2.9ms)
Rendered assets/_asset (3.2ms)
Rendered assets/_asset (2.9ms)
Rendered assets/_asset (3.0ms)
Rendered assets/_asset (2.9ms)
Rendered assets/_asset (2.7ms)
Rendered assets/_asset (3.1ms)
Rendered assets/_asset (2.9ms)
Rendered assets/_asset (3.0ms)
Rendered assets/_asset (2.8ms)
Rendered assets/_asset (3.1ms)
Rendered assets/_asset (3.1ms)
Rendered assets/_asset (2.7ms)
Rendered assets/_asset (3.1ms)
Rendered assets/_asset (3.1ms)
Rendered assets/_asset (2.8ms)
Rendered assets/_asset (2.7ms)
Rendered assets/_asset (3.1ms)
Rendered assets/_asset (2.7ms)
Rendered assets/_asset (2.9ms)
Rendered assets/_asset (3.0ms)
Rendered assets/_asset (2.7ms)
Rendered assets/_asset (3.0ms)
Rendered assets/_asset (2.7ms)
Rendered assets/_asset (2.7ms)
Rendered assets/_asset (3.3ms)
Rendered assets/_asset (2.9ms)
Rendered assets/_asset (3.0ms)
Rendered assets/_asset (2.8ms)
Rendered assets/_asset (2.7ms)
Rendered assets/_asset (3.0ms)
Rendered assets/_asset (2.8ms)
Rendered assets/_asset (2.7ms)
Rendered assets/_asset (3.0ms)
Rendered assets/_asset (2.8ms)
Rendered assets/_asset (2.9ms)
Rendered assets/_asset (2.9ms)
Rendered assets/_asset (3.4ms)
Rendered assets/_asset (3.1ms)
Rendered assets/_asset (2.9ms)
Rendered assets/_asset (3.0ms)
Rendered assets/_asset (2.9ms)
Rendered assets/_asset (2.7ms)
Rendered assets/_asset (3.1ms)
Rendered assets/_asset (2.8ms)
Rendered assets/_asset (2.8ms)
Rendered assets/_asset (3.1ms)
Rendered assets/_asset (3.0ms)
Rendered assets/_asset (3.1ms)
Rendered assets/_asset (2.8ms)
Rendered assets/_asset (2.8ms)
Rendered assets/_asset (3.0ms)
Rendered assets/_asset (2.9ms)
Rendered assets/_asset (3.0ms)
Rendered assets/_asset (2.8ms)
Rendered assets/_asset (2.8ms)
Rendered assets/_asset (3.0ms)
Rendered assets/_asset (2.8ms)
Rendered assets/_asset (2.8ms)
Rendered assets/_asset (3.3ms)
Rendered assets/_asset (2.8ms)
Rendered assets/_asset (3.0ms)
Rendered assets/_asset (2.8ms)
Rendered assets/_asset (2.7ms)
Rendered assets/_asset (3.2ms)
Rendered assets/_asset (3.1ms)
Rendered assets/_asset (2.9ms)
Rendered assets/_asset (2.8ms)
Rendered assets/_asset (2.8ms)
Rendered assets/_asset (2.9ms)
Rendered assets/_asset (3.1ms)
Rendered assets/_asset (3.0ms)
Rendered assets/_asset (2.8ms)
Rendered assets/_asset (101.6ms)
Rendered assets/_asset (3.1ms)
Rendered assets/_asset (3.1ms)
Rendered assets/_asset (3.1ms)
Rendered assets/_asset (3.0ms)
Rendered assets/_asset (3.1ms)
Rendered assets/_asset (3.1ms)
Rendered assets/_asset (3.0ms)
Rendered assets/_asset (3.0ms)
Rendered assets/_asset (3.0ms)
Rendered assets/_asset (3.2ms)
Rendered assets/_asset (3.3ms)
Rendered assets/_asset (3.1ms)
Rendered assets/_asset (3.3ms)
Rendered assets/_asset (3.0ms)
Rendered assets/_asset (2.9ms)
Rendered assets/_index_table (1071.6ms)
Completed in 1593ms (View: 1174, DB: 37) | 200 OK [http://localhost/]
** has_many_polymorphs: autoload hook invoked
** has_many_polymorphs: preloading parent model Tag
** has_many_polymorphs: associating Tag.taggables
  [4;35;1mSQL (0.1ms)[0m   [0mSET client_min_messages TO 'panic'[0m
  [4;36;1mSQL (0.1ms)[0m   [0;1mSET client_min_messages TO 'notice'[0m
** has_many_polymorphs: preloading parent model Tagging


Processing AssetsController#show to yaml (for 127.0.0.1 at 2011-03-18 10:56:42) [GET]
  Session ID: a2346c79566fa862cdf10b155acc1c55
  Parameters: {"format"=>"yaml", "action"=>"show", "id"=>"tags", "controller"=>"assets"}
  [4;35;1mUser Load (0.7ms)[0m   [0mSELECT * FROM "users" WHERE ("users"."id" = E'2100762300') LIMIT 1[0m
  [4;36;1mSQL (0.2ms)[0m   [0;1mBEGIN[0m
  [4;35;1mUser Update (0.4ms)[0m   [0mUPDATE "users" SET "updated_at" = '2011-03-18 17:56:42.488824', "last_request_at" = '2011-03-18 17:56:42.488139' WHERE "id" = 2100762300[0m
  [4;36;1mSQL (0.4ms)[0m   [0;1mCOMMIT[0m
  [4;35;1mAsset Load (0.5ms)[0m   [0mSELECT * FROM "assets" WHERE ("assets"."id" = 0) [0m


ActiveRecord::RecordNotFound (Couldn't find Asset with ID=tags):
    /vendor/rails/activerecord/lib/active_record/base.rb:1528:in `find_one'
    /vendor/rails/activerecord/lib/active_record/base.rb:1511:in `find_from_ids'
    /vendor/rails/activerecord/lib/active_record/base.rb:590:in `find'
    /app/controllers/assets_controller.rb:248:in `load_asset'
    /vendor/rails/activesupport/lib/active_support/callbacks.rb:178:in `send'
    /vendor/rails/activesupport/lib/active_support/callbacks.rb:178:in `evaluate_method'
    /vendor/rails/activesupport/lib/active_support/callbacks.rb:166:in `call'
    /vendor/rails/actionpack/lib/action_controller/filters.rb:225:in `call'
    /vendor/rails/actionpack/lib/action_controller/filters.rb:629:in `run_before_filters'
    /vendor/rails/actionpack/lib/action_controller/filters.rb:615:in `call_filters'
    /vendor/rails/actionpack/lib/action_controller/filters.rb:610:in `perform_action_without_benchmark'
    /vendor/rails/actionpack/lib/action_controller/benchmarking.rb:68:in `perform_action_without_rescue'
    /usr/lib/ruby/1.8/benchmark.rb:293:in `measure'
    /vendor/rails/actionpack/lib/action_controller/benchmarking.rb:68:in `perform_action_without_rescue'
    /vendor/rails/actionpack/lib/action_controller/rescue.rb:136:in `perform_action_without_caching'
    /vendor/rails/actionpack/lib/action_controller/caching/sql_cache.rb:13:in `perform_action'
    /vendor/rails/activerecord/lib/active_record/connection_adapters/abstract/query_cache.rb:34:in `cache'
    /vendor/rails/activerecord/lib/active_record/query_cache.rb:8:in `cache'
    /vendor/rails/actionpack/lib/action_controller/caching/sql_cache.rb:12:in `perform_action'
    /vendor/rails/actionpack/lib/action_controller/base.rb:524:in `send'
    /vendor/rails/actionpack/lib/action_controller/base.rb:524:in `process_without_filters'
    /vendor/rails/actionpack/lib/action_controller/filters.rb:606:in `process_without_session_management_support'
    /vendor/rails/actionpack/lib/action_controller/session_management.rb:134:in `process'
    /vendor/rails/actionpack/lib/action_controller/base.rb:392:in `process'
    /vendor/rails/actionpack/lib/action_controller/dispatcher.rb:183:in `handle_request'
    /vendor/rails/actionpack/lib/action_controller/dispatcher.rb:110:in `dispatch_unlocked'
    /vendor/rails/actionpack/lib/action_controller/dispatcher.rb:123:in `dispatch'
    /vendor/rails/actionpack/lib/action_controller/dispatcher.rb:122:in `synchronize'
    /vendor/rails/actionpack/lib/action_controller/dispatcher.rb:122:in `dispatch'
    /vendor/rails/actionpack/lib/action_controller/dispatcher.rb:132:in `dispatch_cgi'
    /vendor/rails/actionpack/lib/action_controller/dispatcher.rb:39:in `dispatch'
    /vendor/rails/railties/lib/webrick_server.rb:103:in `handle_dispatch'
    /vendor/rails/railties/lib/webrick_server.rb:74:in `service'
    /usr/lib/ruby/1.8/webrick/httpserver.rb:104:in `service'
    /usr/lib/ruby/1.8/webrick/httpserver.rb:65:in `run'
    /usr/lib/ruby/1.8/webrick/server.rb:173:in `start_thread'
    /usr/lib/ruby/1.8/webrick/server.rb:162:in `start'
    /usr/lib/ruby/1.8/webrick/server.rb:162:in `start_thread'
    /usr/lib/ruby/1.8/webrick/server.rb:95:in `start'
    /usr/lib/ruby/1.8/webrick/server.rb:92:in `each'
    /usr/lib/ruby/1.8/webrick/server.rb:92:in `start'
    /usr/lib/ruby/1.8/webrick/server.rb:23:in `start'
    /usr/lib/ruby/1.8/webrick/server.rb:82:in `start'
    /vendor/rails/railties/lib/webrick_server.rb:60:in `dispatch'
    /vendor/rails/railties/lib/commands/servers/webrick.rb:66
    /usr/lib/ruby/1.8/rubygems/custom_require.rb:31:in `gem_original_require'
    /usr/lib/ruby/1.8/rubygems/custom_require.rb:31:in `require'
    /vendor/rails/activesupport/lib/active_support/dependencies.rb:153:in `require'
    /vendor/rails/activesupport/lib/active_support/dependencies.rb:521:in `new_constants_in'
    /vendor/rails/activesupport/lib/active_support/dependencies.rb:153:in `require'
    /vendor/rails/railties/lib/commands/server.rb:49
    /usr/lib/ruby/1.8/rubygems/custom_require.rb:31:in `gem_original_require'
    /usr/lib/ruby/1.8/rubygems/custom_require.rb:31:in `require'
    ./script/server:3

Rendered /home/jheenan/thm/asset_tracker/vendor/rails/actionpack/lib/action_controller/templates/rescues/_trace (19.0ms)
Rendered /home/jheenan/thm/asset_tracker/vendor/rails/actionpack/lib/action_controller/templates/rescues/_request_and_response (1.0ms)
Rendering /home/jheenan/thm/asset_tracker/vendor/rails/actionpack/lib/action_controller/templates/rescues/layout.erb (not_found)
** has_many_polymorphs: autoload hook invoked
** has_many_polymorphs: preloading parent model Tag
** has_many_polymorphs: associating Tag.taggables
  [4;36;1mSQL (0.1ms)[0m   [0;1mSET client_min_messages TO 'panic'[0m
  [4;35;1mSQL (0.1ms)[0m   [0mSET client_min_messages TO 'notice'[0m
** has_many_polymorphs: preloading parent model Tagging


Processing AssetsController#show to yaml (for 127.0.0.1 at 2011-03-18 10:57:39) [GET]
  Session ID: a2346c79566fa862cdf10b155acc1c55
  Parameters: {"format"=>"yaml", "action"=>"show", "id"=>"tags", "controller"=>"assets"}
  [4;36;1mUser Load (0.7ms)[0m   [0;1mSELECT * FROM "users" WHERE ("users"."id" = E'2100762300') LIMIT 1[0m
  [4;35;1mSQL (0.1ms)[0m   [0mBEGIN[0m
  [4;36;1mUser Update (0.4ms)[0m   [0;1mUPDATE "users" SET "updated_at" = '2011-03-18 17:57:39.376607', "last_request_at" = '2011-03-18 17:57:39.375977' WHERE "id" = 2100762300[0m
  [4;35;1mSQL (0.4ms)[0m   [0mCOMMIT[0m
  [4;36;1mAsset Load (0.5ms)[0m   [0;1mSELECT * FROM "assets" WHERE ("assets"."id" = 0) [0m


ActiveRecord::RecordNotFound (Couldn't find Asset with ID=tags):
    /vendor/rails/activerecord/lib/active_record/base.rb:1528:in `find_one'
    /vendor/rails/activerecord/lib/active_record/base.rb:1511:in `find_from_ids'
    /vendor/rails/activerecord/lib/active_record/base.rb:590:in `find'
    /app/controllers/assets_controller.rb:255:in `load_asset'
    /vendor/rails/activesupport/lib/active_support/callbacks.rb:178:in `send'
    /vendor/rails/activesupport/lib/active_support/callbacks.rb:178:in `evaluate_method'
    /vendor/rails/activesupport/lib/active_support/callbacks.rb:166:in `call'
    /vendor/rails/actionpack/lib/action_controller/filters.rb:225:in `call'
    /vendor/rails/actionpack/lib/action_controller/filters.rb:629:in `run_before_filters'
    /vendor/rails/actionpack/lib/action_controller/filters.rb:615:in `call_filters'
    /vendor/rails/actionpack/lib/action_controller/filters.rb:610:in `perform_action_without_benchmark'
    /vendor/rails/actionpack/lib/action_controller/benchmarking.rb:68:in `perform_action_without_rescue'
    /usr/lib/ruby/1.8/benchmark.rb:293:in `measure'
    /vendor/rails/actionpack/lib/action_controller/benchmarking.rb:68:in `perform_action_without_rescue'
    /vendor/rails/actionpack/lib/action_controller/rescue.rb:136:in `perform_action_without_caching'
    /vendor/rails/actionpack/lib/action_controller/caching/sql_cache.rb:13:in `perform_action'
    /vendor/rails/activerecord/lib/active_record/connection_adapters/abstract/query_cache.rb:34:in `cache'
    /vendor/rails/activerecord/lib/active_record/query_cache.rb:8:in `cache'
    /vendor/rails/actionpack/lib/action_controller/caching/sql_cache.rb:12:in `perform_action'
    /vendor/rails/actionpack/lib/action_controller/base.rb:524:in `send'
    /vendor/rails/actionpack/lib/action_controller/base.rb:524:in `process_without_filters'
    /vendor/rails/actionpack/lib/action_controller/filters.rb:606:in `process_without_session_management_support'
    /vendor/rails/actionpack/lib/action_controller/session_management.rb:134:in `process'
    /vendor/rails/actionpack/lib/action_controller/base.rb:392:in `process'
    /vendor/rails/actionpack/lib/action_controller/dispatcher.rb:183:in `handle_request'
    /vendor/rails/actionpack/lib/action_controller/dispatcher.rb:110:in `dispatch_unlocked'
    /vendor/rails/actionpack/lib/action_controller/dispatcher.rb:123:in `dispatch'
    /vendor/rails/actionpack/lib/action_controller/dispatcher.rb:122:in `synchronize'
    /vendor/rails/actionpack/lib/action_controller/dispatcher.rb:122:in `dispatch'
    /vendor/rails/actionpack/lib/action_controller/dispatcher.rb:132:in `dispatch_cgi'
    /vendor/rails/actionpack/lib/action_controller/dispatcher.rb:39:in `dispatch'
    /vendor/rails/railties/lib/webrick_server.rb:103:in `handle_dispatch'
    /vendor/rails/railties/lib/webrick_server.rb:74:in `service'
    /usr/lib/ruby/1.8/webrick/httpserver.rb:104:in `service'
    /usr/lib/ruby/1.8/webrick/httpserver.rb:65:in `run'
    /usr/lib/ruby/1.8/webrick/server.rb:173:in `start_thread'
    /usr/lib/ruby/1.8/webrick/server.rb:162:in `start'
    /usr/lib/ruby/1.8/webrick/server.rb:162:in `start_thread'
    /usr/lib/ruby/1.8/webrick/server.rb:95:in `start'
    /usr/lib/ruby/1.8/webrick/server.rb:92:in `each'
    /usr/lib/ruby/1.8/webrick/server.rb:92:in `start'
    /usr/lib/ruby/1.8/webrick/server.rb:23:in `start'
    /usr/lib/ruby/1.8/webrick/server.rb:82:in `start'
    /vendor/rails/railties/lib/webrick_server.rb:60:in `dispatch'
    /vendor/rails/railties/lib/commands/servers/webrick.rb:66
    /usr/lib/ruby/1.8/rubygems/custom_require.rb:31:in `gem_original_require'
    /usr/lib/ruby/1.8/rubygems/custom_require.rb:31:in `require'
    /vendor/rails/activesupport/lib/active_support/dependencies.rb:153:in `require'
    /vendor/rails/activesupport/lib/active_support/dependencies.rb:521:in `new_constants_in'
    /vendor/rails/activesupport/lib/active_support/dependencies.rb:153:in `require'
    /vendor/rails/railties/lib/commands/server.rb:49
    /usr/lib/ruby/1.8/rubygems/custom_require.rb:31:in `gem_original_require'
    /usr/lib/ruby/1.8/rubygems/custom_require.rb:31:in `require'
    ./script/server:3

Rendered /home/jheenan/thm/asset_tracker/vendor/rails/actionpack/lib/action_controller/templates/rescues/_trace (17.5ms)
Rendered /home/jheenan/thm/asset_tracker/vendor/rails/actionpack/lib/action_controller/templates/rescues/_request_and_response (1.0ms)
Rendering /home/jheenan/thm/asset_tracker/vendor/rails/actionpack/lib/action_controller/templates/rescues/layout.erb (not_found)
** has_many_polymorphs: rails environment detected
** has_many_polymorphs: loaded ok
** has_many_polymorphs: autoload hook invoked
** has_many_polymorphs: preloading parent model Tag
** has_many_polymorphs: associating Tag.taggables
  [4;36;1mSQL (0.1ms)[0m   [0;1mSET client_min_messages TO 'panic'[0m
  [4;35;1mSQL (0.1ms)[0m   [0mSET client_min_messages TO 'notice'[0m
** has_many_polymorphs: preloading parent model Tagging
** has_many_polymorphs: autoload hook invoked
** has_many_polymorphs: preloading parent model Tag
** has_many_polymorphs: preloading parent model Tagging
** has_many_polymorphs: autoload hook invoked
** has_many_polymorphs: preloading parent model Tag
** has_many_polymorphs: preloading parent model Tagging


Processing AssetsController#show to yaml (for 127.0.0.1 at 2011-03-18 10:59:16) [GET]
  Session ID: a2346c79566fa862cdf10b155acc1c55
  Parameters: {"format"=>"yaml", "action"=>"show", "id"=>"tags", "controller"=>"assets"}
  [4;36;1mUser Load (0.7ms)[0m   [0;1mSELECT * FROM "users" WHERE ("users"."id" = E'2100762300') LIMIT 1[0m
  [4;35;1mSQL (0.2ms)[0m   [0mBEGIN[0m
  [4;36;1mUser Update (0.5ms)[0m   [0;1mUPDATE "users" SET "updated_at" = '2011-03-18 17:59:16.517399', "last_request_at" = '2011-03-18 17:59:16.516518' WHERE "id" = 2100762300[0m
  [4;35;1mSQL (1.3ms)[0m   [0mCOMMIT[0m
  [4;36;1mAsset Load (0.6ms)[0m   [0;1mSELECT * FROM "assets" WHERE ("assets"."id" = 0) [0m


ActiveRecord::RecordNotFound (Couldn't find Asset with ID=tags):
    /vendor/rails/activerecord/lib/active_record/base.rb:1528:in `find_one'
    /vendor/rails/activerecord/lib/active_record/base.rb:1511:in `find_from_ids'
    /vendor/rails/activerecord/lib/active_record/base.rb:590:in `find'
    /app/controllers/assets_controller.rb:255:in `load_asset'
    /vendor/rails/activesupport/lib/active_support/callbacks.rb:178:in `send'
    /vendor/rails/activesupport/lib/active_support/callbacks.rb:178:in `evaluate_method'
    /vendor/rails/activesupport/lib/active_support/callbacks.rb:166:in `call'
    /vendor/rails/actionpack/lib/action_controller/filters.rb:225:in `call'
    /vendor/rails/actionpack/lib/action_controller/filters.rb:629:in `run_before_filters'
    /vendor/rails/actionpack/lib/action_controller/filters.rb:615:in `call_filters'
    /vendor/rails/actionpack/lib/action_controller/filters.rb:610:in `perform_action_without_benchmark'
    /vendor/rails/actionpack/lib/action_controller/benchmarking.rb:68:in `perform_action_without_rescue'
    /usr/lib/ruby/1.8/benchmark.rb:293:in `measure'
    /vendor/rails/actionpack/lib/action_controller/benchmarking.rb:68:in `perform_action_without_rescue'
    /vendor/rails/actionpack/lib/action_controller/rescue.rb:136:in `perform_action_without_caching'
    /vendor/rails/actionpack/lib/action_controller/caching/sql_cache.rb:13:in `perform_action'
    /vendor/rails/activerecord/lib/active_record/connection_adapters/abstract/query_cache.rb:34:in `cache'
    /vendor/rails/activerecord/lib/active_record/query_cache.rb:8:in `cache'
    /vendor/rails/actionpack/lib/action_controller/caching/sql_cache.rb:12:in `perform_action'
    /vendor/rails/actionpack/lib/action_controller/base.rb:524:in `send'
    /vendor/rails/actionpack/lib/action_controller/base.rb:524:in `process_without_filters'
    /vendor/rails/actionpack/lib/action_controller/filters.rb:606:in `process_without_session_management_support'
    /vendor/rails/actionpack/lib/action_controller/session_management.rb:134:in `process'
    /vendor/rails/actionpack/lib/action_controller/base.rb:392:in `process'
    /vendor/rails/actionpack/lib/action_controller/dispatcher.rb:183:in `handle_request'
    /vendor/rails/actionpack/lib/action_controller/dispatcher.rb:110:in `dispatch_unlocked'
    /vendor/rails/actionpack/lib/action_controller/dispatcher.rb:123:in `dispatch'
    /vendor/rails/actionpack/lib/action_controller/dispatcher.rb:122:in `synchronize'
    /vendor/rails/actionpack/lib/action_controller/dispatcher.rb:122:in `dispatch'
    /vendor/rails/actionpack/lib/action_controller/dispatcher.rb:132:in `dispatch_cgi'
    /vendor/rails/actionpack/lib/action_controller/dispatcher.rb:39:in `dispatch'
    /vendor/rails/railties/lib/webrick_server.rb:103:in `handle_dispatch'
    /vendor/rails/railties/lib/webrick_server.rb:74:in `service'
    /usr/lib/ruby/1.8/webrick/httpserver.rb:104:in `service'
    /usr/lib/ruby/1.8/webrick/httpserver.rb:65:in `run'
    /usr/lib/ruby/1.8/webrick/server.rb:173:in `start_thread'
    /usr/lib/ruby/1.8/webrick/server.rb:162:in `start'
    /usr/lib/ruby/1.8/webrick/server.rb:162:in `start_thread'
    /usr/lib/ruby/1.8/webrick/server.rb:95:in `start'
    /usr/lib/ruby/1.8/webrick/server.rb:92:in `each'
    /usr/lib/ruby/1.8/webrick/server.rb:92:in `start'
    /usr/lib/ruby/1.8/webrick/server.rb:23:in `start'
    /usr/lib/ruby/1.8/webrick/server.rb:82:in `start'
    /vendor/rails/railties/lib/webrick_server.rb:60:in `dispatch'
    /vendor/rails/railties/lib/commands/servers/webrick.rb:66
    /usr/lib/ruby/1.8/rubygems/custom_require.rb:31:in `gem_original_require'
    /usr/lib/ruby/1.8/rubygems/custom_require.rb:31:in `require'
    /vendor/rails/activesupport/lib/active_support/dependencies.rb:153:in `require'
    /vendor/rails/activesupport/lib/active_support/dependencies.rb:521:in `new_constants_in'
    /vendor/rails/activesupport/lib/active_support/dependencies.rb:153:in `require'
    /vendor/rails/railties/lib/commands/server.rb:49
    /usr/lib/ruby/1.8/rubygems/custom_require.rb:31:in `gem_original_require'
    /usr/lib/ruby/1.8/rubygems/custom_require.rb:31:in `require'
    ./script/server:3

Rendered /home/jheenan/thm/asset_tracker/vendor/rails/actionpack/lib/action_controller/templates/rescues/_trace (17.6ms)
Rendered /home/jheenan/thm/asset_tracker/vendor/rails/actionpack/lib/action_controller/templates/rescues/_request_and_response (0.9ms)
Rendering /home/jheenan/thm/asset_tracker/vendor/rails/actionpack/lib/action_controller/templates/rescues/layout.erb (not_found)
** has_many_polymorphs: rails environment detected
** has_many_polymorphs: loaded ok
** has_many_polymorphs: autoload hook invoked
** has_many_polymorphs: preloading parent model Tag
** has_many_polymorphs: associating Tag.taggables
  [4;36;1mSQL (1.0ms)[0m   [0;1mSET client_min_messages TO 'panic'[0m
  [4;35;1mSQL (0.1ms)[0m   [0mSET client_min_messages TO 'notice'[0m
** has_many_polymorphs: preloading parent model Tagging
** has_many_polymorphs: autoload hook invoked
** has_many_polymorphs: preloading parent model Tag
** has_many_polymorphs: preloading parent model Tagging
** has_many_polymorphs: rails environment detected
** has_many_polymorphs: loaded ok
** has_many_polymorphs: autoload hook invoked
** has_many_polymorphs: preloading parent model Tag
** has_many_polymorphs: associating Tag.taggables
  [4;36;1mSQL (0.1ms)[0m   [0;1mSET client_min_messages TO 'panic'[0m
  [4;35;1mSQL (0.1ms)[0m   [0mSET client_min_messages TO 'notice'[0m
** has_many_polymorphs: preloading parent model Tagging
** has_many_polymorphs: autoload hook invoked
** has_many_polymorphs: preloading parent model Tag
** has_many_polymorphs: preloading parent model Tagging
** has_many_polymorphs: autoload hook invoked
** has_many_polymorphs: preloading parent model Tag
** has_many_polymorphs: preloading parent model Tagging


Processing AssetsController#tags to yaml (for 127.0.0.1 at 2011-03-18 11:02:50) [GET]
  Session ID: a2346c79566fa862cdf10b155acc1c55
  Parameters: {"format"=>"yaml", "action"=>"tags", "controller"=>"assets"}
  [4;36;1mUser Load (0.8ms)[0m   [0;1mSELECT * FROM "users" WHERE ("users"."id" = E'2100762300') LIMIT 1[0m
  [4;35;1mSQL (0.2ms)[0m   [0mBEGIN[0m
  [4;36;1mUser Update (0.4ms)[0m   [0;1mUPDATE "users" SET "updated_at" = '2011-03-18 18:02:50.180920', "last_request_at" = '2011-03-18 18:02:50.180094' WHERE "id" = 2100762300[0m
  [4;35;1mSQL (0.4ms)[0m   [0mCOMMIT[0m
  [4;36;1mAsset Load (1.3ms)[0m   [0;1mSELECT * FROM "assets" [0m
  [4;35;1mTagging Load (68.2ms)[0m   [0mSELECT "taggings".* FROM "taggings" WHERE ("taggings"."taggable_id" IN (1,2,3,4,5,6,7,8,9,10,11,12,13,14,15,16,17,18,19,20,21,22,23,24,25,26,27,28,29,30,31,32,33,34,35,36,37,38,39,40,41,42,43,44,45,46,47,48,49,50,51,52,53,54,55,56,57,58,59,60,61,62,63,64,65,66,67,68,69,70,71,72,73,74,75,76,77,78,79,80,81,82,83,84,85,86,87,88,89,90,91,92,93,94,95,96,97,98,99,100,101,102,103,104,105,106,107,108,109,110,111,112,113,114,115,116,117,118,119,120,121,122,123,124,125,126,127,128,129,130,131,132,133,134,137,138,140,142,144,163,164,165,166,167,168,169,170,171,172,173,174,175,176,135,136,139,141,143,145,147,148,149,150,151,152,153,154,155,156,157,158,159,160,161,179,180,181,177,178,182,183,184,185,186,187,188,189,190,191,192,193,194,195,196,197,198,199,200,201,202,203,204,205,206,207,208,209,210,211,212,213,214,215,216,217,218,146,219,220,221,222,223,224,225,226,227,228,229,230,231,232,233,234,235,236,237,238,243,244,245,246,247,248,239,240) and "taggings"."taggable_type" = 'Asset') [0m
  [4;36;1mTag Load (4.4ms)[0m   [0;1mSELECT * FROM "tags" WHERE ("tags"."id" = 5) [0m
Rendering assets/tags


ActionView::MissingTemplate (Missing template assets/tags.erb in view path /home/jheenan/thm/asset_tracker/app/views:):
    /vendor/rails/actionpack/lib/action_view/template.rb:95:in `find_full_path'
    /vendor/rails/actionpack/lib/action_view/template.rb:16:in `initialize'
    /vendor/rails/actionpack/lib/action_view/base.rb:332:in `new'
    /vendor/rails/actionpack/lib/action_view/base.rb:332:in `_unmemoized__pick_template'
    /vendor/rails/activesupport/lib/active_support/memoizable.rb:70:in `_pick_template'
    /vendor/rails/actionpack/lib/action_view/base.rb:256:in `render'
    /vendor/rails/actionpack/lib/action_controller/base.rb:1174:in `render_for_file'
    /vendor/rails/actionpack/lib/action_controller/base.rb:940:in `render_without_benchmark'
    /vendor/rails/actionpack/lib/action_controller/benchmarking.rb:51:in `render'
    /vendor/rails/activesupport/lib/active_support/core_ext/benchmark.rb:8:in `realtime'
    /vendor/rails/actionpack/lib/action_controller/benchmarking.rb:51:in `render'
    /app/controllers/assets_controller.rb:244:in `tags'
    /vendor/rails/actionpack/lib/action_controller/mime_responds.rb:135:in `call'
    /vendor/rails/actionpack/lib/action_controller/mime_responds.rb:135:in `custom'
    /vendor/rails/actionpack/lib/action_controller/mime_responds.rb:164:in `call'
    /vendor/rails/actionpack/lib/action_controller/mime_responds.rb:164:in `respond'
    /vendor/rails/actionpack/lib/action_controller/mime_responds.rb:158:in `each'
    /vendor/rails/actionpack/lib/action_controller/mime_responds.rb:158:in `respond'
    /vendor/rails/actionpack/lib/action_controller/mime_responds.rb:107:in `respond_to'
    /app/controllers/assets_controller.rb:243:in `tags'
    /vendor/rails/actionpack/lib/action_controller/base.rb:1253:in `send'
    /vendor/rails/actionpack/lib/action_controller/base.rb:1253:in `perform_action_without_filters'
    /vendor/rails/actionpack/lib/action_controller/filters.rb:617:in `call_filters'
    /vendor/rails/actionpack/lib/action_controller/filters.rb:610:in `perform_action_without_benchmark'
    /vendor/rails/actionpack/lib/action_controller/benchmarking.rb:68:in `perform_action_without_rescue'
    /usr/lib/ruby/1.8/benchmark.rb:293:in `measure'
    /vendor/rails/actionpack/lib/action_controller/benchmarking.rb:68:in `perform_action_without_rescue'
    /vendor/rails/actionpack/lib/action_controller/rescue.rb:136:in `perform_action_without_caching'
    /vendor/rails/actionpack/lib/action_controller/caching/sql_cache.rb:13:in `perform_action'
    /vendor/rails/activerecord/lib/active_record/connection_adapters/abstract/query_cache.rb:34:in `cache'
    /vendor/rails/activerecord/lib/active_record/query_cache.rb:8:in `cache'
    /vendor/rails/actionpack/lib/action_controller/caching/sql_cache.rb:12:in `perform_action'
    /vendor/rails/actionpack/lib/action_controller/base.rb:524:in `send'
    /vendor/rails/actionpack/lib/action_controller/base.rb:524:in `process_without_filters'
    /vendor/rails/actionpack/lib/action_controller/filters.rb:606:in `process_without_session_management_support'
    /vendor/rails/actionpack/lib/action_controller/session_management.rb:134:in `process'
    /vendor/rails/actionpack/lib/action_controller/base.rb:392:in `process'
    /vendor/rails/actionpack/lib/action_controller/dispatcher.rb:183:in `handle_request'
    /vendor/rails/actionpack/lib/action_controller/dispatcher.rb:110:in `dispatch_unlocked'
    /vendor/rails/actionpack/lib/action_controller/dispatcher.rb:123:in `dispatch'
    /vendor/rails/actionpack/lib/action_controller/dispatcher.rb:122:in `synchronize'
    /vendor/rails/actionpack/lib/action_controller/dispatcher.rb:122:in `dispatch'
    /vendor/rails/actionpack/lib/action_controller/dispatcher.rb:132:in `dispatch_cgi'
    /vendor/rails/actionpack/lib/action_controller/dispatcher.rb:39:in `dispatch'
    /vendor/rails/railties/lib/webrick_server.rb:103:in `handle_dispatch'
    /vendor/rails/railties/lib/webrick_server.rb:74:in `service'
    /usr/lib/ruby/1.8/webrick/httpserver.rb:104:in `service'
    /usr/lib/ruby/1.8/webrick/httpserver.rb:65:in `run'
    /usr/lib/ruby/1.8/webrick/server.rb:173:in `start_thread'
    /usr/lib/ruby/1.8/webrick/server.rb:162:in `start'
    /usr/lib/ruby/1.8/webrick/server.rb:162:in `start_thread'
    /usr/lib/ruby/1.8/webrick/server.rb:95:in `start'
    /usr/lib/ruby/1.8/webrick/server.rb:92:in `each'
    /usr/lib/ruby/1.8/webrick/server.rb:92:in `start'
    /usr/lib/ruby/1.8/webrick/server.rb:23:in `start'
    /usr/lib/ruby/1.8/webrick/server.rb:82:in `start'
    /vendor/rails/railties/lib/webrick_server.rb:60:in `dispatch'
    /vendor/rails/railties/lib/commands/servers/webrick.rb:66
    /usr/lib/ruby/1.8/rubygems/custom_require.rb:31:in `gem_original_require'
    /usr/lib/ruby/1.8/rubygems/custom_require.rb:31:in `require'
    /vendor/rails/activesupport/lib/active_support/dependencies.rb:153:in `require'
    /vendor/rails/activesupport/lib/active_support/dependencies.rb:521:in `new_constants_in'
    /vendor/rails/activesupport/lib/active_support/dependencies.rb:153:in `require'
    /vendor/rails/railties/lib/commands/server.rb:49
    /usr/lib/ruby/1.8/rubygems/custom_require.rb:31:in `gem_original_require'
    /usr/lib/ruby/1.8/rubygems/custom_require.rb:31:in `require'
    ./script/server:3

Rendering /home/jheenan/thm/asset_tracker/vendor/rails/actionpack/lib/action_controller/templates/rescues/layout.erb (internal_server_error)
** has_many_polymorphs: autoload hook invoked
** has_many_polymorphs: preloading parent model Tag
** has_many_polymorphs: associating Tag.taggables
  [4;35;1mSQL (0.1ms)[0m   [0mSET client_min_messages TO 'panic'[0m
  [4;36;1mSQL (0.1ms)[0m   [0;1mSET client_min_messages TO 'notice'[0m
** has_many_polymorphs: preloading parent model Tagging


Processing AssetsController#tags to yaml (for 127.0.0.1 at 2011-03-18 11:03:07) [GET]
  Session ID: a2346c79566fa862cdf10b155acc1c55
  Parameters: {"format"=>"yaml", "action"=>"tags", "controller"=>"assets"}
  [4;35;1mUser Load (0.7ms)[0m   [0mSELECT * FROM "users" WHERE ("users"."id" = E'2100762300') LIMIT 1[0m
  [4;36;1mSQL (0.2ms)[0m   [0;1mBEGIN[0m
  [4;35;1mUser Update (0.4ms)[0m   [0mUPDATE "users" SET "updated_at" = '2011-03-18 18:03:07.119542', "last_request_at" = '2011-03-18 18:03:07.118860' WHERE "id" = 2100762300[0m
  [4;36;1mSQL (0.4ms)[0m   [0;1mCOMMIT[0m
  [4;35;1mAsset Load (1.3ms)[0m   [0mSELECT * FROM "assets" [0m
  [4;36;1mTagging Load (1.4ms)[0m   [0;1mSELECT "taggings".* FROM "taggings" WHERE ("taggings"."taggable_id" IN (1,2,3,4,5,6,7,8,9,10,11,12,13,14,15,16,17,18,19,20,21,22,23,24,25,26,27,28,29,30,31,32,33,34,35,36,37,38,39,40,41,42,43,44,45,46,47,48,49,50,51,52,53,54,55,56,57,58,59,60,61,62,63,64,65,66,67,68,69,70,71,72,73,74,75,76,77,78,79,80,81,82,83,84,85,86,87,88,89,90,91,92,93,94,95,96,97,98,99,100,101,102,103,104,105,106,107,108,109,110,111,112,113,114,115,116,117,118,119,120,121,122,123,124,125,126,127,128,129,130,131,132,133,134,137,138,140,142,144,163,164,165,166,167,168,169,170,171,172,173,174,175,176,135,136,139,141,143,145,147,148,149,150,151,152,153,154,155,156,157,158,159,160,161,179,180,181,177,178,182,183,184,185,186,187,188,189,190,191,192,193,194,195,196,197,198,199,200,201,202,203,204,205,206,207,208,209,210,211,212,213,214,215,216,217,218,146,219,220,221,222,223,224,225,226,227,228,229,230,231,232,233,234,235,236,237,238,243,244,245,246,247,248,239,240) and "taggings"."taggable_type" = 'Asset') [0m
  [4;35;1mTag Load (0.4ms)[0m   [0mSELECT * FROM "tags" WHERE ("tags"."id" = 5) [0m
Rendering assets/tags
Completed in 212ms (View: 7, DB: 6) | 200 OK [http://localhost/assets/tags.yaml]
** has_many_polymorphs: rails environment detected
** has_many_polymorphs: loaded ok
** has_many_polymorphs: autoload hook invoked
** has_many_polymorphs: preloading parent model Tag
** has_many_polymorphs: associating Tag.taggables
  [4;36;1mSQL (0.1ms)[0m   [0;1mSET client_min_messages TO 'panic'[0m
  [4;35;1mSQL (0.1ms)[0m   [0mSET client_min_messages TO 'notice'[0m
** has_many_polymorphs: preloading parent model Tagging
** has_many_polymorphs: autoload hook invoked
** has_many_polymorphs: preloading parent model Tag
** has_many_polymorphs: preloading parent model Tagging
** has_many_polymorphs: rails environment detected
** has_many_polymorphs: loaded ok
** has_many_polymorphs: autoload hook invoked
** has_many_polymorphs: preloading parent model Tag
** has_many_polymorphs: associating Tag.taggables
  [4;36;1mSQL (0.1ms)[0m   [0;1mSET client_min_messages TO 'panic'[0m
  [4;35;1mSQL (0.1ms)[0m   [0mSET client_min_messages TO 'notice'[0m
** has_many_polymorphs: preloading parent model Tagging
** has_many_polymorphs: autoload hook invoked
** has_many_polymorphs: preloading parent model Tag
** has_many_polymorphs: preloading parent model Tagging
** has_many_polymorphs: autoload hook invoked
** has_many_polymorphs: preloading parent model Tag
** has_many_polymorphs: preloading parent model Tagging


Processing AssetsController#index (for 127.0.0.1 at 2011-03-22 11:51:09) [GET]
  Session ID: edc1725efa9ad8d4269a05013b19467c
  Parameters: {"action"=>"index", "controller"=>"assets"}
  [4;36;1mUser Load (0.7ms)[0m   [0;1mSELECT * FROM "users" WHERE ("users"."id" = E'2100762300') LIMIT 1[0m
  [4;35;1mSQL (0.2ms)[0m   [0mBEGIN[0m
  [4;36;1mUser Update (0.4ms)[0m   [0;1mUPDATE "users" SET "updated_at" = '2011-03-22 18:51:09.578434', "last_request_at" = '2011-03-22 18:51:09.577626' WHERE "id" = 2100762300[0m
  [4;35;1mSQL (0.5ms)[0m   [0mCOMMIT[0m
  [4;36;1mSQL (0.3ms)[0m   [0;1mSELECT count(*) AS count_all FROM "users" [0m
  [4;35;1mSQL (0.3ms)[0m   [0mSELECT count(*) AS count_all FROM "manufacturers" [0m
  [4;36;1mSQL (0.4ms)[0m   [0;1mSELECT count(*) AS count_all FROM "models" [0m
  [4;35;1mSQL (0.4ms)[0m   [0mSELECT count(*) AS count_all FROM "locations" [0m
  [4;36;1mSQL (0.3ms)[0m   [0;1mSELECT count(*) AS count_all FROM "kinds" [0m
  [4;35;1mAsset Load (2.2ms)[0m   [0mSELECT * FROM "assets" [0m
  [4;36;1mMachine Load (2.0ms)[0m   [0;1mSELECT * FROM "machines" WHERE ("machines"."id" IN (222,115,141,116,142,223,224,20,117,143,225,21,118,144,170,226,119,145,171,227,22,146,172,228,23,50,147,173,229,24,51,148,174,52,149,175,25,53,176,26,80,177,27,54,81,178,28,179,29,55,82,56,83,57,84,58,85,100,59,86,101,87,102,103,210,88,104,130,211,89,105,131,212,106,132,213,240,107,133,214,10,108,134,160,215,109,135,161,216,11,243,136,217,12,244,137,163,218,13,40,245,138,164,190,219,14,41,246,139,165,191,15,42,247,166,192,16,43,248,167,193,17,70,194,18,44,71,168,195,19,45,72,169,46,73,196,47,74,197,48,75,198,49,76,199,77,78,200,79,120,201,121,202,122,203,230,123,204,231,124,150,205,232,125,151,206,233,126,152,207,234,127,153,208,30,235,128,154,180,209,31,236,129,155,181,1,32,237,156,182,2,238,157,183,3,33,60,239,158,184,4,34,61,159,185,5,35,62,186,6,36,63,187,7,37,64,90,188,8,38,65,91,189,9,39,92,66,93,67,94,68,95,69,96,110,97,111,98,112,220,113,221,99,114,140)) [0m
  [4;35;1mAsset Load (1.9ms)[0m   [0mSELECT "assets".* FROM "assets" WHERE ("assets"."inventoriable_id" IN (1,2,3,4,5,6,7,8,9,10,11,12,13,14,15,16,17,18,19,20,21,22,23,24,25,26,27,28,29,30,31,32,33,34,35,36,37,38,39,40,41,42,43,44,45,46,47,48,49,50,51,52,53,54,55,56,57,58,59,60,61,62,63,64,65,66,67,68,69,70,71,72,73,74,75,76,77,78,79,80,81,82,83,84,85,86,87,88,89,90,91,92,93,94,95,96,97,98,99,100,101,102,103,104,105,106,107,108,109,110,111,112,113,114,115,116,117,118,119,120,121,122,123,124,125,126,127,128,129,130,131,132,133,134,137,138,140,142,144,163,164,165,166,167,168,169,170,171,172,173,174,175,176,135,136,139,141,143,145,147,148,149,150,151,152,153,154,155,156,157,158,159,160,161,179,180,181,177,178,182,183,184,185,186,187,188,189,190,191,192,193,194,195,196,197,198,199,200,201,202,203,204,205,206,207,208,209,210,211,212,213,214,215,216,217,218,146,219,220,221,222,223,224,225,226,227,228,229,230,231,232,233,234,235,236,237,238,243,244,245,246,247,248,239,240) and "assets"."inventoriable_type" = 'Machine') [0m
  [4;36;1mUser Load (0.5ms)[0m   [0;1mSELECT * FROM "users" WHERE ("users"."id" IN (2100762301,2100762302,2100762303,2100762304,2100762299,2100762300)) [0m
  [4;35;1mLocation Load (0.5ms)[0m   [0mSELECT * FROM "locations" WHERE ("locations"."id" IN (1711339714,1711339716,1711339717,1711339718,1711339719,1711339720,1711339721)) [0m
  [4;36;1mModel Load (0.6ms)[0m   [0;1mSELECT * FROM "models" WHERE ("models"."id" IN (515471379,515471380,515471368,515471381,515471370,515471369,515471382,515471371,515471383,515471372,515471384,515471373,515471363,515471374,515471364,515471375,515471376)) [0m
  [4;35;1mManufacturer Load (0.5ms)[0m   [0mSELECT * FROM "manufacturers" WHERE ("manufacturers"."id" IN (1640518054,1640518055,1640518056,1640518045,1640518057,1640518047,1640518049,1640518050,1640518051,1640518052,1640518053)) [0m
  [4;36;1mKind Load (0.3ms)[0m   [0;1mSELECT * FROM "kinds" WHERE ("kinds"."id" IN (1810332552,1302318729)) [0m
Rendering template within layouts/default
Rendering assets/index
Rendered common/_button_function (9.2ms)
Rendered common/_button_function (0.8ms)
  [4;35;1mUser Load (0.6ms)[0m   [0mSELECT * FROM "users" [0m
  [4;36;1mModel Load (0.4ms)[0m   [0;1mSELECT * FROM "models" [0m
  [4;35;1mManufacturer Load (0.4ms)[0m   [0mSELECT * FROM "manufacturers" WHERE ("manufacturers"."id" IN (1640518054,1640518055,1640518056,1640518045,1640518057,1640518046,1640518047,1640518048,1640518049,1368860684,1640518050,1640518051,1640518052,1640518053)) [0m
  [4;36;1mLocation Load (0.3ms)[0m   [0;1mSELECT * FROM "locations" [0m
Rendered assets/_fields (14.9ms)
Rendered machines/_common_fields (0.7ms)
  [4;35;1mMachine Load (0.8ms)[0m   [0mSELECT * FROM "machines" WHERE ("machines"."isdom0" = 't') [0m
  [4;36;1mAsset Load (1.0ms)[0m   [0;1mSELECT "assets".* FROM "assets" WHERE ("assets"."inventoriable_id" IN (9,10,11,12,13,14,15,16,17,18,19,20,21,22,23,24,25,26,27,28,29,30,31,32,33,34,35,36,37,38,39,40,41,42,43,44,45,46,134,137,138,140,142,144,163,164,165,166,167,168,169,170,171,172,173,174,175,176,209,210,219,220,221,222,223,224,225,226,227,228,229,230,231,232,233,234,235,236,237,238,239,240,243,244,245,246,247,248) and "assets"."inventoriable_type" = 'Machine') [0m
Rendered virtual_machines/_virtual_machine (38.5ms)
  [4;35;1mRole Load (25.9ms)[0m   [0mSELECT * FROM "roles" [0m
  [4;36;1mRole Load (0.5ms)[0m   [0;1mSELECT "roles".id FROM "roles" INNER JOIN "machines_roles" ON "roles".id = "machines_roles".role_id WHERE ("machines_roles".machine_id = NULL ) [0m
Rendered machines/_role_selection (37.8ms)
Rendered machines/_fields (108.1ms)
Rendered common/_button_submit (0.5ms)
  [4;35;1mCACHE (0.0ms)[0m   [0mSELECT * FROM "users" [0m
  [4;36;1mCACHE (0.0ms)[0m   [0;1mSELECT * FROM "models" [0m
  [4;35;1mCACHE (0.0ms)[0m   [0mSELECT * FROM "manufacturers" WHERE ("manufacturers"."id" IN (1640518054,1640518055,1640518056,1640518045,1640518057,1640518046,1640518047,1640518048,1640518049,1368860684,1640518050,1640518051,1640518052,1640518053)) [0m
  [4;36;1mCACHE (0.0ms)[0m   [0;1mSELECT * FROM "locations" [0m
Rendered assets/_fields (7.4ms)
Rendered machines/_common_fields (0.7ms)
Rendered physical_machines/_physical_machine (0.9ms)
  [4;35;1mCACHE (0.0ms)[0m   [0mSELECT * FROM "roles" [0m
  [4;36;1mCACHE (0.0ms)[0m   [0;1mSELECT "roles".id FROM "roles" INNER JOIN "machines_roles" ON "roles".id = "machines_roles".role_id WHERE ("machines_roles".machine_id = NULL ) [0m
Rendered machines/_role_selection (1.9ms)
Rendered machines/_fields (31.6ms)
Rendered common/_button_submit (0.3ms)
Rendered assets/_table_header (0.1ms)
Rendered assets/_asset (86.5ms)
Rendered assets/_asset (3.4ms)
Rendered assets/_asset (3.1ms)
Rendered assets/_asset (3.1ms)
Rendered assets/_asset (3.0ms)
Rendered assets/_asset (3.0ms)
Rendered assets/_asset (3.1ms)
Rendered assets/_asset (3.1ms)
Rendered assets/_asset (3.1ms)
Rendered assets/_asset (3.0ms)
Rendered assets/_asset (3.0ms)
Rendered assets/_asset (3.1ms)
Rendered assets/_asset (3.2ms)
Rendered assets/_asset (2.9ms)
Rendered assets/_asset (3.0ms)
Rendered assets/_asset (2.9ms)
Rendered assets/_asset (2.9ms)
Rendered assets/_asset (2.9ms)
Rendered assets/_asset (2.9ms)
Rendered assets/_asset (2.9ms)
Rendered assets/_asset (2.8ms)
Rendered assets/_asset (2.9ms)
Rendered assets/_asset (2.8ms)
Rendered assets/_asset (3.2ms)
Rendered assets/_asset (3.0ms)
Rendered assets/_asset (2.8ms)
Rendered assets/_asset (2.8ms)
Rendered assets/_asset (2.8ms)
Rendered assets/_asset (2.8ms)
Rendered assets/_asset (2.7ms)
Rendered assets/_asset (2.8ms)
Rendered assets/_asset (2.8ms)
Rendered assets/_asset (2.9ms)
Rendered assets/_asset (2.8ms)
Rendered assets/_asset (2.8ms)
Rendered assets/_asset (3.0ms)
Rendered assets/_asset (2.8ms)
Rendered assets/_asset (2.7ms)
Rendered assets/_asset (2.7ms)
Rendered assets/_asset (2.7ms)
Rendered assets/_asset (2.7ms)
Rendered assets/_asset (2.8ms)
Rendered assets/_asset (2.7ms)
Rendered assets/_asset (2.7ms)
Rendered assets/_asset (2.7ms)
Rendered assets/_asset (2.7ms)
Rendered assets/_asset (2.7ms)
Rendered assets/_asset (3.0ms)
Rendered assets/_asset (2.9ms)
Rendered assets/_asset (2.7ms)
Rendered assets/_asset (2.7ms)
Rendered assets/_asset (2.7ms)
Rendered assets/_asset (2.8ms)
Rendered assets/_asset (2.7ms)
Rendered assets/_asset (2.7ms)
Rendered assets/_asset (2.8ms)
Rendered assets/_asset (2.7ms)
Rendered assets/_asset (2.7ms)
Rendered assets/_asset (2.7ms)
Rendered assets/_asset (2.7ms)
Rendered assets/_asset (3.1ms)
Rendered assets/_asset (2.7ms)
Rendered assets/_asset (3.0ms)
Rendered assets/_asset (2.7ms)
Rendered assets/_asset (2.6ms)
Rendered assets/_asset (2.7ms)
Rendered assets/_asset (2.6ms)
Rendered assets/_asset (2.6ms)
Rendered assets/_asset (2.7ms)
Rendered assets/_asset (2.7ms)
Rendered assets/_asset (2.7ms)
Rendered assets/_asset (2.7ms)
Rendered assets/_asset (3.0ms)
Rendered assets/_asset (2.8ms)
Rendered assets/_asset (2.7ms)
Rendered assets/_asset (2.7ms)
Rendered assets/_asset (2.7ms)
Rendered assets/_asset (3.0ms)
Rendered assets/_asset (2.8ms)
Rendered assets/_asset (2.8ms)
Rendered assets/_asset (2.7ms)
Rendered assets/_asset (2.7ms)
Rendered assets/_asset (2.8ms)
Rendered assets/_asset (2.9ms)
Rendered assets/_asset (3.2ms)
Rendered assets/_asset (2.9ms)
Rendered assets/_asset (2.9ms)
Rendered assets/_asset (2.9ms)
Rendered assets/_asset (2.8ms)
Rendered assets/_asset (2.8ms)
Rendered assets/_asset (2.8ms)
Rendered assets/_asset (2.8ms)
Rendered assets/_asset (2.7ms)
Rendered assets/_asset (3.0ms)
Rendered assets/_asset (2.8ms)
Rendered assets/_asset (2.8ms)
Rendered assets/_asset (3.3ms)
Rendered assets/_asset (2.9ms)
Rendered assets/_asset (2.8ms)
Rendered assets/_asset (2.9ms)
Rendered assets/_asset (2.8ms)
Rendered assets/_asset (2.8ms)
Rendered assets/_asset (2.8ms)
Rendered assets/_asset (2.8ms)
Rendered assets/_asset (2.7ms)
Rendered assets/_asset (2.8ms)
Rendered assets/_asset (2.8ms)
Rendered assets/_asset (2.9ms)
Rendered assets/_asset (3.2ms)
Rendered assets/_asset (2.9ms)
Rendered assets/_asset (2.9ms)
Rendered assets/_asset (2.9ms)
Rendered assets/_asset (2.8ms)
Rendered assets/_asset (101.1ms)
Rendered assets/_asset (3.1ms)
Rendered assets/_asset (3.1ms)
Rendered assets/_asset (3.3ms)
Rendered assets/_asset (3.0ms)
Rendered assets/_asset (3.3ms)
Rendered assets/_asset (3.1ms)
Rendered assets/_asset (3.2ms)
Rendered assets/_asset (3.4ms)
Rendered assets/_asset (3.1ms)
Rendered assets/_asset (3.3ms)
Rendered assets/_asset (3.0ms)
Rendered assets/_asset (3.2ms)
Rendered assets/_asset (3.0ms)
Rendered assets/_asset (2.9ms)
Rendered assets/_asset (3.1ms)
Rendered assets/_asset (2.9ms)
Rendered assets/_asset (3.1ms)
Rendered assets/_asset (3.0ms)
Rendered assets/_asset (3.4ms)
Rendered assets/_asset (3.1ms)
Rendered assets/_asset (2.9ms)
Rendered assets/_asset (3.2ms)
Rendered assets/_asset (2.9ms)
Rendered assets/_asset (2.9ms)
Rendered assets/_asset (3.3ms)
Rendered assets/_asset (2.9ms)
Rendered assets/_asset (3.1ms)
Rendered assets/_asset (2.9ms)
Rendered assets/_asset (2.9ms)
Rendered assets/_asset (3.3ms)
Rendered assets/_asset (2.9ms)
Rendered assets/_asset (3.1ms)
Rendered assets/_asset (2.9ms)
Rendered assets/_asset (2.8ms)
Rendered assets/_asset (2.9ms)
Rendered assets/_asset (2.9ms)
Rendered assets/_asset (3.0ms)
Rendered assets/_asset (3.0ms)
Rendered assets/_asset (2.7ms)
Rendered assets/_asset (2.8ms)
Rendered assets/_asset (3.2ms)
Rendered assets/_asset (3.1ms)
Rendered assets/_asset (3.1ms)
Rendered assets/_asset (3.0ms)
Rendered assets/_asset (2.8ms)
Rendered assets/_asset (3.1ms)
Rendered assets/_asset (2.8ms)
Rendered assets/_asset (2.9ms)
Rendered assets/_asset (3.1ms)
Rendered assets/_asset (2.8ms)
Rendered assets/_asset (3.1ms)
Rendered assets/_asset (2.9ms)
Rendered assets/_asset (3.2ms)
Rendered assets/_asset (3.0ms)
Rendered assets/_asset (2.8ms)
Rendered assets/_asset (3.0ms)
Rendered assets/_asset (2.8ms)
Rendered assets/_asset (2.8ms)
Rendered assets/_asset (3.0ms)
Rendered assets/_asset (2.8ms)
Rendered assets/_asset (2.9ms)
Rendered assets/_asset (2.9ms)
Rendered assets/_asset (2.7ms)
Rendered assets/_asset (3.1ms)
Rendered assets/_asset (3.0ms)
Rendered assets/_asset (2.7ms)
Rendered assets/_asset (3.1ms)
Rendered assets/_asset (2.7ms)
Rendered assets/_asset (2.8ms)
Rendered assets/_asset (2.9ms)
Rendered assets/_asset (2.8ms)
Rendered assets/_asset (3.0ms)
Rendered assets/_asset (2.8ms)
Rendered assets/_asset (2.7ms)
Rendered assets/_asset (3.0ms)
Rendered assets/_asset (3.0ms)
Rendered assets/_asset (3.2ms)
Rendered assets/_asset (2.8ms)
Rendered assets/_asset (2.7ms)
Rendered assets/_asset (3.0ms)
Rendered assets/_asset (2.8ms)
Rendered assets/_asset (2.8ms)
Rendered assets/_asset (3.0ms)
Rendered assets/_asset (2.8ms)
Rendered assets/_asset (3.0ms)
Rendered assets/_asset (2.8ms)
Rendered assets/_asset (2.8ms)
Rendered assets/_asset (3.2ms)
Rendered assets/_asset (2.9ms)
Rendered assets/_asset (2.7ms)
Rendered assets/_asset (3.0ms)
Rendered assets/_asset (2.8ms)
Rendered assets/_asset (2.8ms)
Rendered assets/_asset (3.1ms)
Rendered assets/_asset (2.8ms)
Rendered assets/_asset (2.8ms)
Rendered assets/_asset (3.0ms)
Rendered assets/_asset (2.8ms)
Rendered assets/_asset (3.1ms)
Rendered assets/_asset (3.0ms)
Rendered assets/_asset (2.8ms)
Rendered assets/_asset (3.0ms)
Rendered assets/_asset (2.8ms)
Rendered assets/_asset (3.0ms)
Rendered assets/_asset (2.8ms)
Rendered assets/_asset (2.7ms)
Rendered assets/_asset (3.0ms)
Rendered assets/_asset (2.8ms)
Rendered assets/_asset (2.8ms)
Rendered assets/_asset (3.1ms)
Rendered assets/_asset (3.2ms)
Rendered assets/_asset (3.1ms)
Rendered assets/_asset (102.1ms)
Rendered assets/_asset (3.4ms)
Rendered assets/_asset (3.1ms)
Rendered assets/_asset (3.3ms)
Rendered assets/_asset (3.0ms)
Rendered assets/_asset (3.0ms)
Rendered assets/_asset (3.4ms)
Rendered assets/_asset (3.1ms)
Rendered assets/_asset (3.3ms)
Rendered assets/_asset (3.2ms)
Rendered assets/_asset (3.3ms)
Rendered assets/_asset (3.0ms)
Rendered assets/_asset (3.0ms)
Rendered assets/_asset (2.9ms)
Rendered assets/_asset (2.9ms)
Rendered assets/_asset (3.0ms)
Rendered assets/_asset (3.2ms)
Rendered assets/_asset (2.9ms)
Rendered assets/_asset (2.9ms)
Rendered assets/_index_table (1034.7ms)
Completed in 1708ms (View: 1215, DB: 43) | 200 OK [http://localhost/]
** has_many_polymorphs: autoload hook invoked
** has_many_polymorphs: preloading parent model Tag
** has_many_polymorphs: associating Tag.taggables
  [4;35;1mSQL (0.1ms)[0m   [0mSET client_min_messages TO 'panic'[0m
  [4;36;1mSQL (0.1ms)[0m   [0;1mSET client_min_messages TO 'notice'[0m
** has_many_polymorphs: preloading parent model Tagging


Processing UsersController#index (for 127.0.0.1 at 2011-03-22 11:51:19) [GET]
  Session ID: edc1725efa9ad8d4269a05013b19467c
  Parameters: {"action"=>"index", "controller"=>"users"}
  [4;35;1mUser Load (0.7ms)[0m   [0mSELECT * FROM "users" WHERE ("users"."id" = E'2100762300') LIMIT 1[0m
  [4;36;1mSQL (0.2ms)[0m   [0;1mBEGIN[0m
  [4;35;1mUser Update (0.4ms)[0m   [0mUPDATE "users" SET "updated_at" = '2011-03-22 18:51:19.128296', "last_request_at" = '2011-03-22 18:51:19.127627' WHERE "id" = 2100762300[0m
  [4;36;1mSQL (0.5ms)[0m   [0;1mCOMMIT[0m
  [4;35;1mSQL (0.3ms)[0m   [0mSELECT count(*) AS count_all FROM "users" [0m
  [4;36;1mSQL (0.3ms)[0m   [0;1mSELECT count(*) AS count_all FROM "manufacturers" [0m
  [4;35;1mSQL (0.4ms)[0m   [0mSELECT count(*) AS count_all FROM "models" [0m
  [4;36;1mSQL (0.3ms)[0m   [0;1mSELECT count(*) AS count_all FROM "locations" [0m
  [4;35;1mSQL (0.4ms)[0m   [0mSELECT count(*) AS count_all FROM "kinds" [0m
  [4;36;1mUser Load (0.7ms)[0m   [0;1mSELECT * FROM "users" ORDER BY users.login ASC[0m
Rendering template within layouts/default
Rendering users/index
Rendered common/_button_function (0.9ms)
Rendered users/_fields (0.6ms)
Rendered common/_button_submit (0.5ms)
  [4;35;1mSQL (0.7ms)[0m   [0mSELECT count(*) AS count_all FROM "assets" WHERE ("assets".user_id = 2100762299) [0m
Rendered users/_row (3.6ms)
  [4;36;1mSQL (0.4ms)[0m   [0;1mSELECT count(*) AS count_all FROM "assets" WHERE ("assets".user_id = 2100762309) [0m
Rendered users/_row (2.6ms)
  [4;35;1mSQL (0.4ms)[0m   [0mSELECT count(*) AS count_all FROM "assets" WHERE ("assets".user_id = 2100762301) [0m
Rendered users/_row (2.6ms)
  [4;36;1mSQL (0.4ms)[0m   [0;1mSELECT count(*) AS count_all FROM "assets" WHERE ("assets".user_id = 2100762303) [0m
Rendered users/_row (2.5ms)
  [4;35;1mSQL (0.4ms)[0m   [0mSELECT count(*) AS count_all FROM "assets" WHERE ("assets".user_id = 2100762300) [0m
Rendered users/_row (2.3ms)
  [4;36;1mSQL (0.3ms)[0m   [0;1mSELECT count(*) AS count_all FROM "assets" WHERE ("assets".user_id = 2100762304) [0m
Rendered users/_row (2.2ms)
  [4;35;1mSQL (0.3ms)[0m   [0mSELECT count(*) AS count_all FROM "assets" WHERE ("assets".user_id = 2100762307) [0m
Rendered users/_row (2.2ms)
  [4;36;1mSQL (0.4ms)[0m   [0;1mSELECT count(*) AS count_all FROM "assets" WHERE ("assets".user_id = 2100762305) [0m
Rendered users/_row (2.4ms)
  [4;35;1mSQL (0.3ms)[0m   [0mSELECT count(*) AS count_all FROM "assets" WHERE ("assets".user_id = 2100762308) [0m
Rendered users/_row (2.2ms)
  [4;36;1mSQL (0.4ms)[0m   [0;1mSELECT count(*) AS count_all FROM "assets" WHERE ("assets".user_id = 2100762306) [0m
Rendered users/_row (2.2ms)
  [4;35;1mSQL (0.3ms)[0m   [0mSELECT count(*) AS count_all FROM "assets" WHERE ("assets".user_id = 2100762302) [0m
Rendered users/_row (2.2ms)
Completed in 91ms (View: 40, DB: 10) | 200 OK [http://localhost/users]
** has_many_polymorphs: autoload hook invoked
** has_many_polymorphs: preloading parent model Tag
** has_many_polymorphs: associating Tag.taggables
  [4;36;1mSQL (0.1ms)[0m   [0;1mSET client_min_messages TO 'panic'[0m
  [4;35;1mSQL (0.1ms)[0m   [0mSET client_min_messages TO 'notice'[0m
** has_many_polymorphs: preloading parent model Tagging


Processing UserSessionsController#destroy (for 127.0.0.1 at 2011-03-22 11:51:25) [DELETE]
  Session ID: edc1725efa9ad8d4269a05013b19467c
  Parameters: {"action"=>"destroy", "_method"=>"delete", "authenticity_token"=>"9929e26769890c647d3f56313a408d0a2d173884", "controller"=>"user_sessions"}
  [4;36;1mUser Load (0.7ms)[0m   [0;1mSELECT * FROM "users" WHERE ("users"."id" = E'2100762300') LIMIT 1[0m
  [4;35;1mSQL (0.1ms)[0m   [0mBEGIN[0m
  [4;36;1mUser Update (0.4ms)[0m   [0;1mUPDATE "users" SET "updated_at" = '2011-03-22 18:51:25.457740', "last_request_at" = '2011-03-22 18:51:25.457058' WHERE "id" = 2100762300[0m
  [4;35;1mSQL (0.4ms)[0m   [0mCOMMIT[0m
Cookie set: user_credentials=; path=/; expires=Thu, 01 Jan 1970 00:00:00 GMT
Redirected to http://localhost:3000/user_session/new
Completed in 97ms (DB: 3) | 302 Found [http://localhost/user_session]
** has_many_polymorphs: autoload hook invoked
** has_many_polymorphs: preloading parent model Tag
** has_many_polymorphs: associating Tag.taggables
  [4;36;1mSQL (0.1ms)[0m   [0;1mSET client_min_messages TO 'panic'[0m
  [4;35;1mSQL (0.1ms)[0m   [0mSET client_min_messages TO 'notice'[0m
** has_many_polymorphs: preloading parent model Tagging


Processing UserSessionsController#new (for 127.0.0.1 at 2011-03-22 11:51:25) [GET]
  Session ID: edc1725efa9ad8d4269a05013b19467c
  Parameters: {"action"=>"new", "controller"=>"user_sessions"}
Rendering template within layouts/default
Rendering user_sessions/new
Completed in 53ms (View: 31, DB: 2) | 200 OK [http://localhost/user_session/new]
** has_many_polymorphs: autoload hook invoked
** has_many_polymorphs: preloading parent model Tag
** has_many_polymorphs: associating Tag.taggables
  [4;36;1mSQL (0.1ms)[0m   [0;1mSET client_min_messages TO 'panic'[0m
  [4;35;1mSQL (0.1ms)[0m   [0mSET client_min_messages TO 'notice'[0m
** has_many_polymorphs: preloading parent model Tagging


Processing UserSessionsController#create (for 127.0.0.1 at 2011-03-22 11:51:32) [POST]
  Session ID: edc1725efa9ad8d4269a05013b19467c
  Parameters: {"commit"=>"Login", "user_session"=>{"remember_me"=>"0", "password"=>"[FILTERED]", "login"=>"jtest"}, "action"=>"create", "authenticity_token"=>"9929e26769890c647d3f56313a408d0a2d173884", "controller"=>"user_sessions"}
  [4;36;1mUser Load (0.7ms)[0m   [0;1mSELECT * FROM "users" WHERE ("users"."login" = E'jtest') LIMIT 1[0m
  [4;35;1mSQL (0.3ms)[0m   [0mBEGIN[0m
  [4;36;1mUser Exists (0.6ms)[0m   [0;1mSELECT "users".id FROM "users" WHERE ("users"."login" = E'jtest') LIMIT 1[0m
  [4;35;1mUser Exists (0.7ms)[0m   [0mSELECT "users".id FROM "users" WHERE (LOWER("users"."email") = E'jtest@threatmetrix.com') LIMIT 1[0m
  [4;36;1mUser Exists (0.3ms)[0m   [0;1mSELECT "users".id FROM "users" WHERE (LOWER("users"."login") = E'jtest') LIMIT 1[0m
  [4;35;1mUser Exists (0.3ms)[0m   [0mSELECT "users".id FROM "users" WHERE ("users"."persistence_token" = E'0f6810d239171cbf0fb6c79cc80fe7a287bd9b5d643cd69836e2a817c31073ace7f10dab66a1290cd134cda2c6a341c2128efa26b990ffa29ad8e8bb655cd1d9') LIMIT 1[0m
Cookie set: user_credentials=0f6810d239171cbf0fb6c79cc80fe7a287bd9b5d643cd69836e2a817c31073ace7f10dab66a1290cd134cda2c6a341c2128efa26b990ffa29ad8e8bb655cd1d9%3A%3A; path=/
  [4;36;1mSQL (50.3ms)[0m   [0;1mINSERT INTO "users" ("created_at", "last_request_at", "updated_at", "failed_login_count", "current_login_ip", "site_admin", "current_login_at", "persistence_token", "login_count", "last_login_ip", "login", "last_login_at", "email") VALUES('2011-03-22 18:51:33.461503', '2011-03-22 18:51:33.460659', '2011-03-22 18:51:33.461503', 0, E'127.0.0.1', 'f', '2011-03-22 18:51:33.460488', E'0f6810d239171cbf0fb6c79cc80fe7a287bd9b5d643cd69836e2a817c31073ace7f10dab66a1290cd134cda2c6a341c2128efa26b990ffa29ad8e8bb655cd1d9', 1, NULL, E'jtest', NULL, E'jtest@threatmetrix.com') RETURNING "id"[0m
  [4;35;1mSQL (9.3ms)[0m   [0mCOMMIT[0m
  [4;36;1mSQL (0.3ms)[0m   [0;1mBEGIN[0m
  [4;35;1mUser Exists (0.8ms)[0m   [0mSELECT "users".id FROM "users" WHERE ("users"."login" = E'jtest' AND "users".id <> 2100762310) LIMIT 1[0m
  [4;36;1mSQL (0.3ms)[0m   [0;1mCOMMIT[0m
Cookie set: user_credentials=0f6810d239171cbf0fb6c79cc80fe7a287bd9b5d643cd69836e2a817c31073ace7f10dab66a1290cd134cda2c6a341c2128efa26b990ffa29ad8e8bb655cd1d9%3A%3A2100762310; path=/
  [4;35;1mSQL (0.2ms)[0m   [0mBEGIN[0m
  [4;36;1mUser Update (0.5ms)[0m   [0;1mUPDATE "users" SET "login_count" = 2, "updated_at" = '2011-03-22 18:51:34.604591', "last_request_at" = '2011-03-22 18:51:34.602555', "last_login_at" = '2011-03-22 18:51:33.460488', "last_login_ip" = E'127.0.0.1', "current_login_at" = '2011-03-22 18:51:34.601849' WHERE "id" = 2100762310[0m
  [4;35;1mSQL (0.4ms)[0m   [0mCOMMIT[0m
Redirected to http://localhost:3000/account
Completed in 2520ms (DB: 66) | 302 Found [http://localhost/user_session]
** has_many_polymorphs: autoload hook invoked
** has_many_polymorphs: preloading parent model Tag
** has_many_polymorphs: associating Tag.taggables
  [4;36;1mSQL (0.1ms)[0m   [0;1mSET client_min_messages TO 'panic'[0m
  [4;35;1mSQL (0.1ms)[0m   [0mSET client_min_messages TO 'notice'[0m
** has_many_polymorphs: preloading parent model Tagging


Processing UsersController#show (for 127.0.0.1 at 2011-03-22 11:51:34) [GET]
  Session ID: edc1725efa9ad8d4269a05013b19467c
  Parameters: {"action"=>"show", "controller"=>"users"}
  [4;36;1mUser Load (0.7ms)[0m   [0;1mSELECT * FROM "users" WHERE ("users"."id" = E'2100762310') LIMIT 1[0m
  [4;35;1mSQL (0.1ms)[0m   [0mBEGIN[0m
  [4;36;1mUser Update (0.4ms)[0m   [0;1mUPDATE "users" SET "updated_at" = '2011-03-22 18:51:34.844460', "last_request_at" = '2011-03-22 18:51:34.843813' WHERE "id" = 2100762310[0m
  [4;35;1mSQL (0.4ms)[0m   [0mCOMMIT[0m
Rendering template within layouts/default
Rendering users/show
Completed in 23ms (View: 8, DB: 3) | 200 OK [http://localhost/account]
